{
  "0 debug pnpm:scope": {
    "selected": 1
  },
  "1 debug pnpm:package-manifest": {
    "initial": {
      "name": "roziroti assignment",
      "version": "1.0.0",
      "description": "# #objective",
      "main": "index.js",
      "scripts": {
        "test": "echo \"Error: no test specified\" && exit 1"
      },
      "keywords": [],
      "author": "",
      "license": "ISC",
      "dependencies": {
        "axios": "^1.6.7",
        "body-parser": "^1.20.2",
        "cors": "^2.8.5",
        "express": "^4.18.2",
        "jsonwebtoken": "^9.0.2",
        "react": "^18.2.0",
        "sqlite": "^5.1.1",
        "sqlite3": "^5.1.7"
      }
    },
    "prefix": "/home/workspace/nodejs/coding-practices/coding-practice-5a"
  },
  "2 debug pnpm:context": {
    "currentLockfileExists": true,
    "storeDir": "/home/workspace/.pnpm-store/v3",
    "virtualStoreDir": "/home/workspace/nodejs/coding-practices/coding-practice-5a/node_modules/.pnpm"
  },
  "3 debug pnpm:stage": {
    "prefix": "/home/workspace/nodejs/coding-practices/coding-practice-5a",
    "stage": "resolution_started"
  },
  "4 debug pnpm:_dependency_resolved": {
    "resolution": "registry.npmjs.org/axios/1.6.7",
    "wanted": {
      "dependentId": ".",
      "name": "axios",
      "rawSpec": "^1.6.7"
    }
  },
  "5 debug pnpm:_dependency_resolved": {
    "resolution": "registry.npmjs.org/body-parser/1.20.2",
    "wanted": {
      "dependentId": ".",
      "name": "body-parser",
      "rawSpec": "^1.20.2"
    }
  },
  "6 debug pnpm:_dependency_resolved": {
    "resolution": "registry.npmjs.org/cors/2.8.5",
    "wanted": {
      "dependentId": ".",
      "name": "cors",
      "rawSpec": "^2.8.5"
    }
  },
  "7 debug pnpm:_dependency_resolved": {
    "resolution": "registry.npmjs.org/express/4.18.2",
    "wanted": {
      "dependentId": ".",
      "name": "express",
      "rawSpec": "^4.18.2"
    }
  },
  "8 debug pnpm:_dependency_resolved": {
    "resolution": "registry.npmjs.org/jsonwebtoken/9.0.2",
    "wanted": {
      "dependentId": ".",
      "name": "jsonwebtoken",
      "rawSpec": "^9.0.2"
    }
  },
  "9 debug pnpm:_dependency_resolved": {
    "resolution": "registry.npmjs.org/react/18.2.0",
    "wanted": {
      "dependentId": ".",
      "name": "react",
      "rawSpec": "^18.2.0"
    }
  },
  "10 debug pnpm:_dependency_resolved": {
    "resolution": "registry.npmjs.org/sqlite/5.1.1",
    "wanted": {
      "dependentId": ".",
      "name": "sqlite",
      "rawSpec": "^5.1.1"
    }
  },
  "11 debug pnpm:_dependency_resolved": {
    "resolution": "registry.npmjs.org/sqlite3/5.1.7",
    "wanted": {
      "dependentId": ".",
      "name": "sqlite3",
      "rawSpec": "^5.1.7"
    }
  },
  "12 debug pnpm:progress": {
    "packageId": "registry.npmjs.org/express/4.18.2",
    "requester": "/home/workspace/nodejs/coding-practices/coding-practice-5a",
    "status": "found_in_store"
  },
  "13 debug pnpm:progress": {
    "packageId": "registry.npmjs.org/express/4.18.2",
    "requester": "/home/workspace/nodejs/coding-practices/coding-practice-5a",
    "status": "resolved"
  },
  "14 debug pnpm:progress": {
    "packageId": "registry.npmjs.org/axios/1.6.7",
    "requester": "/home/workspace/nodejs/coding-practices/coding-practice-5a",
    "status": "found_in_store"
  },
  "15 debug pnpm:progress": {
    "packageId": "registry.npmjs.org/axios/1.6.7",
    "requester": "/home/workspace/nodejs/coding-practices/coding-practice-5a",
    "status": "resolved"
  },
  "16 debug pnpm:progress": {
    "packageId": "registry.npmjs.org/body-parser/1.20.2",
    "requester": "/home/workspace/nodejs/coding-practices/coding-practice-5a",
    "status": "found_in_store"
  },
  "17 debug pnpm:progress": {
    "packageId": "registry.npmjs.org/body-parser/1.20.2",
    "requester": "/home/workspace/nodejs/coding-practices/coding-practice-5a",
    "status": "resolved"
  },
  "18 debug pnpm:progress": {
    "packageId": "registry.npmjs.org/cors/2.8.5",
    "requester": "/home/workspace/nodejs/coding-practices/coding-practice-5a",
    "status": "found_in_store"
  },
  "19 debug pnpm:progress": {
    "packageId": "registry.npmjs.org/cors/2.8.5",
    "requester": "/home/workspace/nodejs/coding-practices/coding-practice-5a",
    "status": "resolved"
  },
  "20 debug pnpm:progress": {
    "packageId": "registry.npmjs.org/react/18.2.0",
    "requester": "/home/workspace/nodejs/coding-practices/coding-practice-5a",
    "status": "found_in_store"
  },
  "21 debug pnpm:progress": {
    "packageId": "registry.npmjs.org/react/18.2.0",
    "requester": "/home/workspace/nodejs/coding-practices/coding-practice-5a",
    "status": "resolved"
  },
  "22 debug pnpm:progress": {
    "packageId": "registry.npmjs.org/jsonwebtoken/9.0.2",
    "requester": "/home/workspace/nodejs/coding-practices/coding-practice-5a",
    "status": "found_in_store"
  },
  "23 debug pnpm:progress": {
    "packageId": "registry.npmjs.org/jsonwebtoken/9.0.2",
    "requester": "/home/workspace/nodejs/coding-practices/coding-practice-5a",
    "status": "resolved"
  },
  "24 debug pnpm:progress": {
    "packageId": "registry.npmjs.org/sqlite3/5.1.7",
    "requester": "/home/workspace/nodejs/coding-practices/coding-practice-5a",
    "status": "found_in_store"
  },
  "25 debug pnpm:progress": {
    "packageId": "registry.npmjs.org/sqlite3/5.1.7",
    "requester": "/home/workspace/nodejs/coding-practices/coding-practice-5a",
    "status": "resolved"
  },
  "26 debug pnpm:progress": {
    "packageId": "registry.npmjs.org/sqlite/5.1.1",
    "requester": "/home/workspace/nodejs/coding-practices/coding-practice-5a",
    "status": "found_in_store"
  },
  "27 debug pnpm:progress": {
    "packageId": "registry.npmjs.org/sqlite/5.1.1",
    "requester": "/home/workspace/nodejs/coding-practices/coding-practice-5a",
    "status": "resolved"
  },
  "28 error pnpm": {
    "code": "ERR_PNPM_FETCH_404",
    "hint": "bcruypt is not in the npm registry, or you have no permission to fetch it.\n\nNo authorization header was set for the request.",
    "request": {
      "url": "https://registry.npmjs.org/bcruypt"
    },
    "response": {
      "size": 0
    },
    "pkgName": "bcruypt",
    "pkgsStack": [],
    "err": {
      "name": "pnpm",
      "message": "GET https://registry.npmjs.org/bcruypt: Not Found - 404",
      "code": "ERR_PNPM_FETCH_404",
      "stack": "pnpm: GET https://registry.npmjs.org/bcruypt: Not Found - 404\n    at RetryOperation._fn (/usr/local/lib/node_modules/pnpm/dist/pnpm.cjs:85815:19)\n    at processTicksAndRejections (internal/process/task_queues.js:95:5)"
    }
  }
}